<?xml version="1.0" encoding="UTF-8"?>
<!-- Generated by org.testng.reporters.JUnitReportReporter -->
<testsuite hostname="JSP-JNTU-HYD" failures="0" tests="1" name="testCaseRepo.Tc_01" time="7.987" errors="0" timestamp="2023-11-07T10:53:24 IST" skipped="0">
  <testcase classname="testCaseRepo.Tc_01" name="checkLogin" time="7.987"/>
  <system-out/>
</testsuite> <!-- testCaseRepo.Tc_01 -->
